<?xml version="1.0" encoding="UTF-8"?>
<!-- Generated by org.testng.reporters.JUnitXMLReporter -->
<testsuite hostname="LAPTOP-F3SU56H8" ignored="0" name="Test" tests="1" failures="0" timestamp="2021-05-28T16:05:45 IST" time="0.031" errors="0">
  <testcase name="@BeforeSuite configBS" time="0.031" classname="com.crm.vtiger.GenericUtils.BaseClass">
    <failure type="java.lang.NullPointerException">
      <![CDATA[java.lang.NullPointerException
at org.apache.poi.ss.usermodel.WorkbookFactory.create(WorkbookFactory.java:256)
at org.apache.poi.ss.usermodel.WorkbookFactory.create(WorkbookFactory.java:221)
at com.crm.vtiger.GenericUtils.ExcelUtility.getExcelData(ExcelUtility.java:34)
at com.crm.vtiger.GenericUtils.BaseClass.configBS(BaseClass.java:38)
... Removed 19 stack frames]]>
    </failure>
  </testcase> <!-- @BeforeSuite configBS -->
  <testcase name="@BeforeTest configBT" time="-1.622198145625E9" classname="com.crm.vtiger.GenericUtils.BaseClass">
    <skipped/>
  </testcase> <!-- @BeforeTest configBT -->
  <testcase name="@BeforeClass configBC" time="-1.622198145641E9" classname="com.crm.vtiger.GenericUtils.BaseClass">
    <skipped/>
  </testcase> <!-- @BeforeClass configBC -->
  <testcase name="@BeforeMethod setUp" time="-1.622198145641E9" classname="com.crm.vtiger.GenericUtils.BaseClass">
    <skipped/>
  </testcase> <!-- @BeforeMethod setUp -->
  <testcase name="@AfterMethod tearDown" time="-1.622198145656E9" classname="com.crm.vtiger.GenericUtils.BaseClass">
    <skipped/>
  </testcase> <!-- @AfterMethod tearDown -->
  <testcase name="@AfterClass configAC" time="-1.622198145656E9" classname="com.crm.vtiger.GenericUtils.BaseClass">
    <skipped/>
  </testcase> <!-- @AfterClass configAC -->
  <testcase name="@AfterTest configAT" time="-1.622198145656E9" classname="com.crm.vtiger.GenericUtils.BaseClass">
    <skipped/>
  </testcase> <!-- @AfterTest configAT -->
  <testcase name="run" time="0.0" classname="com.crm.vtiger.GenericUtils.Practice">
    <skipped/>
  </testcase> <!-- run -->
</testsuite> <!-- Test -->
