<?xml version="1.0" encoding="UTF-8"?>
<!-- Generated by org.testng.reporters.JUnitXMLReporter -->
<testsuite hostname="LAPTOP-F3SU56H8" ignored="0" name="Default test" tests="1" failures="0" timestamp="2021-05-30T10:17:04 IST" time="0.065" errors="0">
  <testcase name="@BeforeSuite configBS" time="0.081" classname="com.crm.vtiger.GenericUtils.BaseClass">
    <failure type="java.lang.NullPointerException">
      <![CDATA[java.lang.NullPointerException
at org.apache.poi.ss.usermodel.WorkbookFactory.create(WorkbookFactory.java:256)
at org.apache.poi.ss.usermodel.WorkbookFactory.create(WorkbookFactory.java:221)
at com.crm.vtiger.GenericUtils.ExcelUtility.getExcelData(ExcelUtility.java:34)
at com.crm.vtiger.GenericUtils.BaseClass.configBS(BaseClass.java:39)
at sun.reflect.NativeMethodAccessorImpl.invoke0(Native Method)
at sun.reflect.NativeMethodAccessorImpl.invoke(NativeMethodAccessorImpl.java:62)
at sun.reflect.DelegatingMethodAccessorImpl.invoke(DelegatingMethodAccessorImpl.java:43)
at java.lang.reflect.Method.invoke(Method.java:498)
at org.testng.internal.MethodInvocationHelper.invokeMethod(MethodInvocationHelper.java:134)
at org.testng.internal.MethodInvocationHelper.invokeMethodConsideringTimeout(MethodInvocationHelper.java:63)
at org.testng.internal.ConfigInvoker.invokeConfigurationMethod(ConfigInvoker.java:348)
at org.testng.internal.ConfigInvoker.invokeConfigurations(ConfigInvoker.java:302)
at org.testng.SuiteRunner.privateRun(SuiteRunner.java:327)
at org.testng.SuiteRunner.run(SuiteRunner.java:286)
at org.testng.SuiteRunnerWorker.runSuite(SuiteRunnerWorker.java:53)
at org.testng.SuiteRunnerWorker.run(SuiteRunnerWorker.java:96)
at org.testng.TestNG.runSuitesSequentially(TestNG.java:1187)
at org.testng.TestNG.runSuitesLocally(TestNG.java:1109)
at org.testng.TestNG.runSuites(TestNG.java:1039)
at org.testng.TestNG.run(TestNG.java:1007)
at org.testng.remote.AbstractRemoteTestNG.run(AbstractRemoteTestNG.java:115)
at org.testng.remote.RemoteTestNG.initAndRun(RemoteTestNG.java:251)
at org.testng.remote.RemoteTestNG.main(RemoteTestNG.java:77)
]]>
    </failure>
  </testcase> <!-- @BeforeSuite configBS -->
  <testcase name="@BeforeTest configBT" time="-1.62235002456E9" classname="com.crm.vtiger.GenericUtils.BaseClass">
    <skipped/>
  </testcase> <!-- @BeforeTest configBT -->
  <testcase name="@BeforeClass configBC" time="-1.622350024582E9" classname="com.crm.vtiger.GenericUtils.BaseClass">
    <skipped/>
  </testcase> <!-- @BeforeClass configBC -->
  <testcase name="@BeforeMethod setUp" time="-1.622350024603E9" classname="com.crm.vtiger.GenericUtils.BaseClass">
    <skipped/>
  </testcase> <!-- @BeforeMethod setUp -->
  <testcase name="@AfterMethod tearDown" time="-1.622350024612E9" classname="com.crm.vtiger.GenericUtils.BaseClass">
    <skipped/>
  </testcase> <!-- @AfterMethod tearDown -->
  <testcase name="@AfterClass configAC" time="-1.622350024615E9" classname="com.crm.vtiger.GenericUtils.BaseClass">
    <skipped/>
  </testcase> <!-- @AfterClass configAC -->
  <testcase name="@AfterTest configAT" time="-1.62235002462E9" classname="com.crm.vtiger.GenericUtils.BaseClass">
    <skipped/>
  </testcase> <!-- @AfterTest configAT -->
  <testcase name="run" time="0.0" classname="com.crm.vtiger.GenericUtils.Practice">
    <skipped/>
  </testcase> <!-- run -->
</testsuite> <!-- Default test -->
