<?xml version="1.0" encoding="UTF-8"?>
<testng-results skipped="1" failed="0" ignored="0" total="1" passed="0">
  <reporter-output>
  </reporter-output>
  <suite name="Default suite" duration-ms="65" started-at="2021-05-30T10:17:04 IST" finished-at="2021-05-30T10:17:04 IST">
    <groups>
    </groups>
    <test name="Default test" duration-ms="65" started-at="2021-05-30T10:17:04 IST" finished-at="2021-05-30T10:17:04 IST">
      <class name="com.crm.vtiger.GenericUtils.Practice">
        <test-method status="FAIL" signature="configBS()[pri:0, instance:com.crm.vtiger.GenericUtils.Practice@74650e52]" name="configBS" is-config="true" duration-ms="81" started-at="2021-05-30T10:17:04 IST" finished-at="2021-05-30T10:17:04 IST">
          <exception class="java.lang.NullPointerException">
            <full-stacktrace>
              <![CDATA[java.lang.NullPointerException
at org.apache.poi.ss.usermodel.WorkbookFactory.create(WorkbookFactory.java:256)
at org.apache.poi.ss.usermodel.WorkbookFactory.create(WorkbookFactory.java:221)
at com.crm.vtiger.GenericUtils.ExcelUtility.getExcelData(ExcelUtility.java:34)
at com.crm.vtiger.GenericUtils.BaseClass.configBS(BaseClass.java:39)
at sun.reflect.NativeMethodAccessorImpl.invoke0(Native Method)
at sun.reflect.NativeMethodAccessorImpl.invoke(NativeMethodAccessorImpl.java:62)
at sun.reflect.DelegatingMethodAccessorImpl.invoke(DelegatingMethodAccessorImpl.java:43)
at java.lang.reflect.Method.invoke(Method.java:498)
at org.testng.internal.MethodInvocationHelper.invokeMethod(MethodInvocationHelper.java:134)
at org.testng.internal.MethodInvocationHelper.invokeMethodConsideringTimeout(MethodInvocationHelper.java:63)
at org.testng.internal.ConfigInvoker.invokeConfigurationMethod(ConfigInvoker.java:348)
at org.testng.internal.ConfigInvoker.invokeConfigurations(ConfigInvoker.java:302)
at org.testng.SuiteRunner.privateRun(SuiteRunner.java:327)
at org.testng.SuiteRunner.run(SuiteRunner.java:286)
at org.testng.SuiteRunnerWorker.runSuite(SuiteRunnerWorker.java:53)
at org.testng.SuiteRunnerWorker.run(SuiteRunnerWorker.java:96)
at org.testng.TestNG.runSuitesSequentially(TestNG.java:1187)
at org.testng.TestNG.runSuitesLocally(TestNG.java:1109)
at org.testng.TestNG.runSuites(TestNG.java:1039)
at org.testng.TestNG.run(TestNG.java:1007)
at org.testng.remote.AbstractRemoteTestNG.run(AbstractRemoteTestNG.java:115)
at org.testng.remote.RemoteTestNG.initAndRun(RemoteTestNG.java:251)
at org.testng.remote.RemoteTestNG.main(RemoteTestNG.java:77)
]]>
            </full-stacktrace>
          </exception> <!-- java.lang.NullPointerException -->
          <reporter-output>
          </reporter-output>
        </test-method> <!-- configBS -->
        <test-method status="SKIP" signature="configBT()[pri:0, instance:com.crm.vtiger.GenericUtils.Practice@74650e52]" name="configBT" is-config="true" duration-ms="-1622350024560" started-at="2021-05-30T10:17:04 IST" finished-at="1970-01-01T05:30:00 IST">
          <reporter-output>
          </reporter-output>
        </test-method> <!-- configBT -->
        <test-method status="SKIP" signature="configBC()[pri:0, instance:com.crm.vtiger.GenericUtils.Practice@74650e52]" name="configBC" is-config="true" duration-ms="-1622350024582" started-at="2021-05-30T10:17:04 IST" finished-at="1970-01-01T05:30:00 IST">
          <reporter-output>
          </reporter-output>
        </test-method> <!-- configBC -->
        <test-method status="SKIP" signature="setUp()[pri:0, instance:com.crm.vtiger.GenericUtils.Practice@74650e52]" name="setUp" is-config="true" duration-ms="-1622350024603" started-at="2021-05-30T10:17:04 IST" finished-at="1970-01-01T05:30:00 IST">
          <reporter-output>
          </reporter-output>
        </test-method> <!-- setUp -->
        <test-method status="SKIP" signature="run()[pri:0, instance:com.crm.vtiger.GenericUtils.Practice@74650e52]" name="run" duration-ms="0" started-at="2021-05-30T10:17:04 IST" finished-at="2021-05-30T10:17:04 IST">
          <exception class="java.lang.NullPointerException">
            <full-stacktrace>
              <![CDATA[java.lang.NullPointerException
at org.apache.poi.ss.usermodel.WorkbookFactory.create(WorkbookFactory.java:256)
at org.apache.poi.ss.usermodel.WorkbookFactory.create(WorkbookFactory.java:221)
at com.crm.vtiger.GenericUtils.ExcelUtility.getExcelData(ExcelUtility.java:34)
at com.crm.vtiger.GenericUtils.BaseClass.configBS(BaseClass.java:39)
at sun.reflect.NativeMethodAccessorImpl.invoke0(Native Method)
at sun.reflect.NativeMethodAccessorImpl.invoke(NativeMethodAccessorImpl.java:62)
at sun.reflect.DelegatingMethodAccessorImpl.invoke(DelegatingMethodAccessorImpl.java:43)
at java.lang.reflect.Method.invoke(Method.java:498)
at org.testng.internal.MethodInvocationHelper.invokeMethod(MethodInvocationHelper.java:134)
at org.testng.internal.MethodInvocationHelper.invokeMethodConsideringTimeout(MethodInvocationHelper.java:63)
at org.testng.internal.ConfigInvoker.invokeConfigurationMethod(ConfigInvoker.java:348)
at org.testng.internal.ConfigInvoker.invokeConfigurations(ConfigInvoker.java:302)
at org.testng.SuiteRunner.privateRun(SuiteRunner.java:327)
at org.testng.SuiteRunner.run(SuiteRunner.java:286)
at org.testng.SuiteRunnerWorker.runSuite(SuiteRunnerWorker.java:53)
at org.testng.SuiteRunnerWorker.run(SuiteRunnerWorker.java:96)
at org.testng.TestNG.runSuitesSequentially(TestNG.java:1187)
at org.testng.TestNG.runSuitesLocally(TestNG.java:1109)
at org.testng.TestNG.runSuites(TestNG.java:1039)
at org.testng.TestNG.run(TestNG.java:1007)
at org.testng.remote.AbstractRemoteTestNG.run(AbstractRemoteTestNG.java:115)
at org.testng.remote.RemoteTestNG.initAndRun(RemoteTestNG.java:251)
at org.testng.remote.RemoteTestNG.main(RemoteTestNG.java:77)
]]>
            </full-stacktrace>
          </exception> <!-- java.lang.NullPointerException -->
          <reporter-output>
          </reporter-output>
        </test-method> <!-- run -->
        <test-method status="SKIP" signature="tearDown()[pri:0, instance:com.crm.vtiger.GenericUtils.Practice@74650e52]" name="tearDown" is-config="true" duration-ms="-1622350024612" started-at="2021-05-30T10:17:04 IST" finished-at="1970-01-01T05:30:00 IST">
          <reporter-output>
          </reporter-output>
        </test-method> <!-- tearDown -->
        <test-method status="SKIP" signature="configAC()[pri:0, instance:com.crm.vtiger.GenericUtils.Practice@74650e52]" name="configAC" is-config="true" duration-ms="-1622350024615" started-at="2021-05-30T10:17:04 IST" finished-at="1970-01-01T05:30:00 IST">
          <reporter-output>
          </reporter-output>
        </test-method> <!-- configAC -->
        <test-method status="SKIP" signature="configAT()[pri:0, instance:com.crm.vtiger.GenericUtils.Practice@74650e52]" name="configAT" is-config="true" duration-ms="-1622350024620" started-at="2021-05-30T10:17:04 IST" finished-at="1970-01-01T05:30:00 IST">
          <reporter-output>
          </reporter-output>
        </test-method> <!-- configAT -->
        <test-method status="SKIP" signature="configAS()[pri:0, instance:com.crm.vtiger.GenericUtils.Practice@74650e52]" name="configAS" is-config="true" duration-ms="-1622350024698" started-at="2021-05-30T10:17:04 IST" finished-at="1970-01-01T05:30:00 IST">
          <reporter-output>
          </reporter-output>
        </test-method> <!-- configAS -->
      </class> <!-- com.crm.vtiger.GenericUtils.Practice -->
    </test> <!-- Default test -->
  </suite> <!-- Default suite -->
</testng-results>
